#! /usr/bin/vvp
:ivl_version "11.0 (stable)";
:ivl_delay_selection "TYPICAL";
:vpi_time_precision + 0;
:vpi_module "/usr/lib/x86_64-linux-gnu/ivl/system.vpi";
:vpi_module "/usr/lib/x86_64-linux-gnu/ivl/vhdl_sys.vpi";
:vpi_module "/usr/lib/x86_64-linux-gnu/ivl/vhdl_textio.vpi";
:vpi_module "/usr/lib/x86_64-linux-gnu/ivl/v2005_math.vpi";
:vpi_module "/usr/lib/x86_64-linux-gnu/ivl/va_math.vpi";
S_0x564ca7be6cf0 .scope module, "fa_tb" "fa_tb" 2 1;
 .timescale 0 0;
v0x564ca7c35b50_0 .var "A", 0 0;
v0x564ca7c35c10_0 .var "B", 0 0;
v0x564ca7c35ce0_0 .var "C", 0 0;
v0x564ca7c35de0_0 .net "co", 0 0, L_0x564ca7c362e0;  1 drivers
v0x564ca7c35eb0_0 .var/i "i", 31 0;
v0x564ca7c35fa0_0 .net "sum", 0 0, L_0x564ca7c36180;  1 drivers
S_0x564ca7be6e80 .scope module, "f1" "fulladder" 2 4, 3 1 0, S_0x564ca7be6cf0;
 .timescale 0 0;
    .port_info 0 /INPUT 1 "A";
    .port_info 1 /INPUT 1 "B";
    .port_info 2 /INPUT 1 "C";
    .port_info 3 /OUTPUT 1 "sum";
    .port_info 4 /OUTPUT 1 "co";
L_0x564ca7c36040 .functor XOR 1, v0x564ca7c35b50_0, v0x564ca7c35c10_0, C4<0>, C4<0>;
L_0x564ca7c36180 .functor XOR 1, v0x564ca7c35ce0_0, L_0x564ca7c36040, C4<0>, C4<0>;
L_0x564ca7c362e0 .functor XOR 1, L_0x564ca7c363a0, L_0x564ca7c36490, C4<0>, C4<0>;
L_0x564ca7c363a0 .functor AND 1, v0x564ca7c35b50_0, v0x564ca7c35c10_0, C4<1>, C4<1>;
L_0x564ca7c36490 .functor AND 1, v0x564ca7c35ce0_0, L_0x564ca7c36040, C4<1>, C4<1>;
v0x564ca7be7060_0 .net "A", 0 0, v0x564ca7c35b50_0;  1 drivers
v0x564ca7c35540_0 .net "B", 0 0, v0x564ca7c35c10_0;  1 drivers
v0x564ca7c35600_0 .net "C", 0 0, v0x564ca7c35ce0_0;  1 drivers
v0x564ca7c356a0_0 .net "co", 0 0, L_0x564ca7c362e0;  alias, 1 drivers
v0x564ca7c35760_0 .net "sum", 0 0, L_0x564ca7c36180;  alias, 1 drivers
v0x564ca7c35870_0 .net "w1", 0 0, L_0x564ca7c36040;  1 drivers
v0x564ca7c35930_0 .net "w2", 0 0, L_0x564ca7c363a0;  1 drivers
v0x564ca7c359f0_0 .net "w3", 0 0, L_0x564ca7c36490;  1 drivers
    .scope S_0x564ca7be6cf0;
T_0 ;
    %pushi/vec4 0, 0, 1;
    %store/vec4 v0x564ca7c35b50_0, 0, 1;
    %pushi/vec4 0, 0, 1;
    %store/vec4 v0x564ca7c35c10_0, 0, 1;
    %pushi/vec4 0, 0, 1;
    %store/vec4 v0x564ca7c35ce0_0, 0, 1;
    %end;
    .thread T_0;
    .scope S_0x564ca7be6cf0;
T_1 ;
    %vpi_call 2 8 "$dumpfile", "fa.vcd" {0 0 0};
    %vpi_call 2 9 "$dumpvars", 32'sb00000000000000000000000000000000, S_0x564ca7be6cf0 {0 0 0};
    %vpi_call 2 10 "$display", "\011\011Time\011A\011B\011C\011sum\011cout" {0 0 0};
    %vpi_call 2 11 "$monitor", $time, "\011%b\011%b\011%b\011%b\011%b", v0x564ca7c35b50_0, v0x564ca7c35c10_0, v0x564ca7c35ce0_0, v0x564ca7c35fa0_0, v0x564ca7c35de0_0 {0 0 0};
    %pushi/vec4 0, 0, 32;
    %store/vec4 v0x564ca7c35eb0_0, 0, 32;
T_1.0 ;
    %load/vec4 v0x564ca7c35eb0_0;
    %cmpi/s 8, 0, 32;
    %jmp/0xz T_1.1, 5;
    %load/vec4 v0x564ca7c35eb0_0;
    %pad/s 3;
    %split/vec4 1;
    %store/vec4 v0x564ca7c35ce0_0, 0, 1;
    %split/vec4 1;
    %store/vec4 v0x564ca7c35c10_0, 0, 1;
    %store/vec4 v0x564ca7c35b50_0, 0, 1;
    %delay 10, 0;
    %load/vec4 v0x564ca7c35eb0_0;
    %addi 1, 0, 32;
    %store/vec4 v0x564ca7c35eb0_0, 0, 32;
    %jmp T_1.0;
T_1.1 ;
    %end;
    .thread T_1;
# The file index is used to find the file name in the following table.
:file_names 4;
    "N/A";
    "<interactive>";
    "fa_tb.v";
    "fulladder.v";
