Release 14.2 - xst P.28xd (nt64)
Copyright (c) 1995-2012 Xilinx, Inc.  All rights reserved.
--> Parameter TMPDIR set to xst/projnav.tmp


Total REAL time to Xst completion: 0.00 secs
Total CPU time to Xst completion: 0.09 secs
 
--> Parameter xsthdpdir set to xst


Total REAL time to Xst completion: 0.00 secs
Total CPU time to Xst completion: 0.09 secs
 
--> Reading design: counter.prj

TABLE OF CONTENTS
  1) Synthesis Options Summary
  2) HDL Compilation
  3) Design Hierarchy Analysis
  4) HDL Analysis
  5) HDL Synthesis
     5.1) HDL Synthesis Report
  6) Advanced HDL Synthesis
     6.1) Advanced HDL Synthesis Report
  7) Low Level Synthesis
  8) Partition Report
  9) Final Report
	9.1) Device utilization summary
	9.2) Partition Resource Summary
	9.3) TIMING REPORT


=========================================================================
*                      Synthesis Options Summary                        *
=========================================================================
---- Source Parameters
Input File Name                    : "counter.prj"
Input Format                       : mixed
Ignore Synthesis Constraint File   : NO

---- Target Parameters
Output File Name                   : "counter"
Output Format                      : NGC
Target Device                      : xc3s200-4-ft256

---- Source Options
Top Module Name                    : counter
Automatic FSM Extraction           : YES
FSM Encoding Algorithm             : Auto
Safe Implementation                : No
FSM Style                          : LUT
RAM Extraction                     : Yes
RAM Style                          : Auto
ROM Extraction                     : Yes
Mux Style                          : Auto
Decoder Extraction                 : YES
Priority Encoder Extraction        : Yes
Shift Register Extraction          : YES
Logical Shifter Extraction         : YES
XOR Collapsing                     : YES
ROM Style                          : Auto
Mux Extraction                     : Yes
Resource Sharing                   : YES
Asynchronous To Synchronous        : NO
Multiplier Style                   : Auto
Automatic Register Balancing       : No

---- Target Options
Add IO Buffers                     : YES
Global Maximum Fanout              : 500
Add Generic Clock Buffer(BUFG)     : 8
Register Duplication               : YES
Slice Packing                      : YES
Optimize Instantiated Primitives   : NO
Use Clock Enable                   : Yes
Use Synchronous Set                : Yes
Use Synchronous Reset              : Yes
Pack IO Registers into IOBs        : Auto
Equivalent register Removal        : YES

---- General Options
Optimization Goal                  : Speed
Optimization Effort                : 1
Keep Hierarchy                     : No
Netlist Hierarchy                  : As_Optimized
RTL Output                         : Yes
Global Optimization                : AllClockNets
Read Cores                         : YES
Write Timing Constraints           : NO
Cross Clock Analysis               : NO
Hierarchy Separator                : /
Bus Delimiter                      : <>
Case Specifier                     : Maintain
Slice Utilization Ratio            : 100
BRAM Utilization Ratio             : 100
Verilog 2001                       : YES
Auto BRAM Packing                  : NO
Slice Utilization Ratio Delta      : 5

=========================================================================


=========================================================================
*                          HDL Compilation                              *
=========================================================================
Compiling verilog file "counter.v" in library work
Module <clk_divider> compiled
Module <counter> compiled
No errors in compilation
Analysis of file <"counter.prj"> succeeded.
 

=========================================================================
*                     Design Hierarchy Analysis                         *
=========================================================================
Analyzing hierarchy for module <counter> in library <work>.

Analyzing hierarchy for module <clk_divider> in library <work>.


=========================================================================
*                            HDL Analysis                               *
=========================================================================
Analyzing top module <counter>.
Module <counter> is correct for synthesis.
 
Analyzing module <clk_divider> in library <work>.
Module <clk_divider> is correct for synthesis.
 

=========================================================================
*                           HDL Synthesis                               *
=========================================================================

Performing bidirectional port resolution...

Synthesizing Unit <clk_divider>.
    Related source file is "counter.v".
    Found 25-bit up counter for signal <c1>.
    Summary:
	inferred   1 Counter(s).
Unit <clk_divider> synthesized.


Synthesizing Unit <counter>.
    Related source file is "counter.v".
    Found 8-bit up counter for signal <c>.
    Summary:
	inferred   1 Counter(s).
Unit <counter> synthesized.


=========================================================================
HDL Synthesis Report

Macro Statistics
# Counters                                             : 2
 25-bit up counter                                     : 1
 8-bit up counter                                      : 1

=========================================================================

=========================================================================
*                       Advanced HDL Synthesis                          *
=========================================================================


=========================================================================
Advanced HDL Synthesis Report

Macro Statistics
# Counters                                             : 2
 25-bit up counter                                     : 1
 8-bit up counter                                      : 1

=========================================================================

=========================================================================
*                         Low Level Synthesis                           *
=========================================================================

Optimizing unit <counter> ...

Mapping all equations...
Building and optimizing final netlist ...
Found area constraint ratio of 100 (+ 5) on block counter, actual ratio is 0.

Final Macro Processing ...

=========================================================================
Final Register Report

Macro Statistics
# Registers                                            : 33
 Flip-Flops                                            : 33

=========================================================================

=========================================================================
*                           Partition Report                            *
=========================================================================

Partition Implementation Status
-------------------------------

  No Partitions were found in this design.

-------------------------------

=========================================================================
*                            Final Report                               *
=========================================================================
Final Results
RTL Top Level Output File Name     : counter.ngr
Top Level Output File Name         : counter
Output Format                      : NGC
Optimization Goal                  : Speed
Keep Hierarchy                     : No

Design Statistics
# IOs                              : 10

Cell Usage :
# BELS                             : 99
#      GND                         : 1
#      INV                         : 2
#      LUT1                        : 31
#      MUXCY                       : 31
#      VCC                         : 1
#      XORCY                       : 33
# FlipFlops/Latches                : 33
#      FDC                         : 33
# Clock Buffers                    : 1
#      BUFGP                       : 1
# IO Buffers                       : 9
#      IBUF                        : 1
#      OBUF                        : 8
=========================================================================

Device utilization summary:
---------------------------

Selected Device : 3s200ft256-4 

 Number of Slices:                       18  out of   1920     0%  
 Number of Slice Flip Flops:             33  out of   3840     0%  
 Number of 4 input LUTs:                 33  out of   3840     0%  
 Number of IOs:                          10
 Number of bonded IOBs:                  10  out of    173     5%  
 Number of GCLKs:                         1  out of      8    12%  

---------------------------
Partition Resource Summary:
---------------------------

  No Partitions were found in this design.

---------------------------


=========================================================================
TIMING REPORT

NOTE: THESE TIMING NUMBERS ARE ONLY A SYNTHESIS ESTIMATE.
      FOR ACCURATE TIMING INFORMATION PLEASE REFER TO THE TRACE REPORT
      GENERATED AFTER PLACE-and-ROUTE.

Clock Information:
------------------
-----------------------------------+------------------------+-------+
Clock Signal                       | Clock buffer(FF name)  | Load  |
-----------------------------------+------------------------+-------+
clk                                | BUFGP                  | 25    |
clk1/c1_24                         | NONE(c_0)              | 8     |
-----------------------------------+------------------------+-------+
INFO:Xst:2169 - HDL ADVISOR - Some clock signals were not automatically buffered by XST with BUFG/BUFR resources. Please use the buffer_type constraint in order to insert these buffers to the clock signals to help prevent skew problems.

Asynchronous Control Signals Information:
----------------------------------------
-----------------------------------+------------------------+-------+
Control Signal                     | Buffer(FF name)        | Load  |
-----------------------------------+------------------------+-------+
rst                                | IBUF                   | 33    |
-----------------------------------+------------------------+-------+

Timing Summary:
---------------
Speed Grade: -4

   Minimum period: 5.426ns (Maximum Frequency: 184.298MHz)
   Minimum input arrival time before clock: No path found
   Maximum output required time after clock: 7.241ns
   Maximum combinational path delay: No path found

Timing Detail:
--------------
All values displayed in nanoseconds (ns)

=========================================================================
Timing constraint: Default period analysis for Clock 'clk'
  Clock period: 5.426ns (frequency: 184.298MHz)
  Total number of paths / destination ports: 325 / 25
-------------------------------------------------------------------------
Delay:               5.426ns (Levels of Logic = 25)
  Source:            clk1/c1_1 (FF)
  Destination:       clk1/c1_24 (FF)
  Source Clock:      clk rising
  Destination Clock: clk rising

  Data Path: clk1/c1_1 to clk1/c1_24
                                Gate     Net
    Cell:in->out      fanout   Delay   Delay  Logical Name (Net Name)
    ----------------------------------------  ------------
     FDC:C->Q              1   0.720   1.140  clk1/c1_1 (clk1/c1_1)
     LUT1:I0->O            1   0.551   0.000  clk1/Mcount_c1_cy<1>_rt (clk1/Mcount_c1_cy<1>_rt)
     MUXCY:S->O            1   0.500   0.000  clk1/Mcount_c1_cy<1> (clk1/Mcount_c1_cy<1>)
     MUXCY:CI->O           1   0.064   0.000  clk1/Mcount_c1_cy<2> (clk1/Mcount_c1_cy<2>)
     MUXCY:CI->O           1   0.064   0.000  clk1/Mcount_c1_cy<3> (clk1/Mcount_c1_cy<3>)
     MUXCY:CI->O           1   0.064   0.000  clk1/Mcount_c1_cy<4> (clk1/Mcount_c1_cy<4>)
     MUXCY:CI->O           1   0.064   0.000  clk1/Mcount_c1_cy<5> (clk1/Mcount_c1_cy<5>)
     MUXCY:CI->O           1   0.064   0.000  clk1/Mcount_c1_cy<6> (clk1/Mcount_c1_cy<6>)
     MUXCY:CI->O           1   0.064   0.000  clk1/Mcount_c1_cy<7> (clk1/Mcount_c1_cy<7>)
     MUXCY:CI->O           1   0.064   0.000  clk1/Mcount_c1_cy<8> (clk1/Mcount_c1_cy<8>)
     MUXCY:CI->O           1   0.064   0.000  clk1/Mcount_c1_cy<9> (clk1/Mcount_c1_cy<9>)
     MUXCY:CI->O           1   0.064   0.000  clk1/Mcount_c1_cy<10> (clk1/Mcount_c1_cy<10>)
     MUXCY:CI->O           1   0.064   0.000  clk1/Mcount_c1_cy<11> (clk1/Mcount_c1_cy<11>)
     MUXCY:CI->O           1   0.064   0.000  clk1/Mcount_c1_cy<12> (clk1/Mcount_c1_cy<12>)
     MUXCY:CI->O           1   0.064   0.000  clk1/Mcount_c1_cy<13> (clk1/Mcount_c1_cy<13>)
     MUXCY:CI->O           1   0.064   0.000  clk1/Mcount_c1_cy<14> (clk1/Mcount_c1_cy<14>)
     MUXCY:CI->O           1   0.064   0.000  clk1/Mcount_c1_cy<15> (clk1/Mcount_c1_cy<15>)
     MUXCY:CI->O           1   0.064   0.000  clk1/Mcount_c1_cy<16> (clk1/Mcount_c1_cy<16>)
     MUXCY:CI->O           1   0.064   0.000  clk1/Mcount_c1_cy<17> (clk1/Mcount_c1_cy<17>)
     MUXCY:CI->O           1   0.064   0.000  clk1/Mcount_c1_cy<18> (clk1/Mcount_c1_cy<18>)
     MUXCY:CI->O           1   0.064   0.000  clk1/Mcount_c1_cy<19> (clk1/Mcount_c1_cy<19>)
     MUXCY:CI->O           1   0.064   0.000  clk1/Mcount_c1_cy<20> (clk1/Mcount_c1_cy<20>)
     MUXCY:CI->O           1   0.064   0.000  clk1/Mcount_c1_cy<21> (clk1/Mcount_c1_cy<21>)
     MUXCY:CI->O           1   0.064   0.000  clk1/Mcount_c1_cy<22> (clk1/Mcount_c1_cy<22>)
     MUXCY:CI->O           0   0.064   0.000  clk1/Mcount_c1_cy<23> (clk1/Mcount_c1_cy<23>)
     XORCY:CI->O           1   0.904   0.000  clk1/Mcount_c1_xor<24> (Result<24>)
     FDC:D                     0.203          clk1/c1_24
    ----------------------------------------
    Total                      5.426ns (4.286ns logic, 1.140ns route)
                                       (79.0% logic, 21.0% route)

=========================================================================
Timing constraint: Default period analysis for Clock 'clk1/c1_24'
  Clock period: 4.414ns (frequency: 226.552MHz)
  Total number of paths / destination ports: 36 / 8
-------------------------------------------------------------------------
Delay:               4.414ns (Levels of Logic = 8)
  Source:            c_1 (FF)
  Destination:       c_7 (FF)
  Source Clock:      clk1/c1_24 rising
  Destination Clock: clk1/c1_24 rising

  Data Path: c_1 to c_7
                                Gate     Net
    Cell:in->out      fanout   Delay   Delay  Logical Name (Net Name)
    ----------------------------------------  ------------
     FDC:C->Q              2   0.720   1.216  c_1 (c_1)
     LUT1:I0->O            1   0.551   0.000  Mcount_c_cy<1>_rt (Mcount_c_cy<1>_rt)
     MUXCY:S->O            1   0.500   0.000  Mcount_c_cy<1> (Mcount_c_cy<1>)
     MUXCY:CI->O           1   0.064   0.000  Mcount_c_cy<2> (Mcount_c_cy<2>)
     MUXCY:CI->O           1   0.064   0.000  Mcount_c_cy<3> (Mcount_c_cy<3>)
     MUXCY:CI->O           1   0.064   0.000  Mcount_c_cy<4> (Mcount_c_cy<4>)
     MUXCY:CI->O           1   0.064   0.000  Mcount_c_cy<5> (Mcount_c_cy<5>)
     MUXCY:CI->O           0   0.064   0.000  Mcount_c_cy<6> (Mcount_c_cy<6>)
     XORCY:CI->O           1   0.904   0.000  Mcount_c_xor<7> (Result<7>1)
     FDC:D                     0.203          c_7
    ----------------------------------------
    Total                      4.414ns (3.198ns logic, 1.216ns route)
                                       (72.5% logic, 27.5% route)

=========================================================================
Timing constraint: Default OFFSET OUT AFTER for Clock 'clk1/c1_24'
  Total number of paths / destination ports: 8 / 8
-------------------------------------------------------------------------
Offset:              7.241ns (Levels of Logic = 1)
  Source:            c_7 (FF)
  Destination:       c<7> (PAD)
  Source Clock:      clk1/c1_24 rising

  Data Path: c_7 to c<7>
                                Gate     Net
    Cell:in->out      fanout   Delay   Delay  Logical Name (Net Name)
    ----------------------------------------  ------------
     FDC:C->Q              2   0.720   0.877  c_7 (c_7)
     OBUF:I->O                 5.644          c_7_OBUF (c<7>)
    ----------------------------------------
    Total                      7.241ns (6.364ns logic, 0.877ns route)
                                       (87.9% logic, 12.1% route)

=========================================================================


Total REAL time to Xst completion: 4.00 secs
Total CPU time to Xst completion: 4.06 secs
 
--> 

Total memory usage is 252352 kilobytes

Number of errors   :    0 (   0 filtered)
Number of warnings :    0 (   0 filtered)
Number of infos    :    1 (   0 filtered)

