Release 14.2 - ngc2edif P.28xd (nt64)
Copyright (c) 1995-2012 Xilinx, Inc.  All rights reserved.
Reading design full_adder.ngc ...
WARNING:NetListWriters:298 - No output is written to full_adder.xncf, ignored.
Processing design ...
   Preping design's networks ...
   Preping design's macros ...
  finished :Prep
Writing EDIF netlist file full_adder.edif ...
ngc2edif: Total memory usage is 78428 kilobytes

Release 14.2 - ngc2edif P.28xd (nt64)
Copyright (c) 1995-2012 Xilinx, Inc.  All rights reserved.
Reading design full_adder.ngc ...
WARNING:NetListWriters:298 - No output is written to full_adder.xncf, ignored.
Processing design ...
   Preping design's networks ...
   Preping design's macros ...
  finished :Prep
Writing EDIF netlist file full_adder.edif ...
ngc2edif: Total memory usage is 78428 kilobytes

Release 14.2 - ngc2edif P.28xd (nt64)
Copyright (c) 1995-2012 Xilinx, Inc.  All rights reserved.
Reading design counter.ngc ...
WARNING:NetListWriters:298 - No output is written to counter.xncf, ignored.
Processing design ...
   Preping design's networks ...
   Preping design's macros ...
  finished :Prep
Writing EDIF netlist file counter.edif ...
ngc2edif: Total memory usage is 78428 kilobytes

